<?xml version="1.0" encoding="UTF-8"?>
<testsuite xmlns:xsi="http://www.w3.org/2001/XMLSchema-instance" xsi:noNamespaceSchemaLocation="https://maven.apache.org/surefire/maven-surefire-plugin/xsd/surefire-test-report-3.0.xsd" version="3.0" name="technikal.task.fishmarket.FishmarketApplicationTests" time="4.145" tests="1" errors="0" skipped="0" failures="0">
  <properties>
[...]
</properties>
  <testcase name="contextLoads" classname="technikal.task.fishmarket.FishmarketApplicationTests" time="0.348">
    <system-out><![CDATA[20:50:15.170 [main] INFO org.springframework.test.context.support.AnnotationConfigContextLoaderUtils -- Could not detect default configuration classes for test class [technikal.task.fishmarket.FishmarketApplicationTests]: FishmarketApplicationTests does not declare any static, non-private, non-final, nested classes annotated with @Configuration.
20:50:15.265 [main] INFO org.springframework.boot.test.context.SpringBootTestContextBootstrapper -- Found @SpringBootConfiguration technikal.task.fishmarket.FishmarketApplication for test class technikal.task.fishmarket.FishmarketApplicationTests
20:50:15.397 [main] INFO org.springframework.boot.devtools.restart.RestartApplicationListener -- Restart disabled due to context in which it is running

  .   ____          _            __ _ _
 /\\ / ___'_ __ _ _(_)_ __  __ _ \ \ \ \
( ( )\___ | '_ | '_| | '_ \/ _` | \ \ \ \
 \\/  ___)| |_)| | | | | || (_| |  ) ) ) )
  '  |____| .__|_| |_|_| |_\__, | / / / /
 =========|_|==============|___/=/_/_/_/

 :: Spring Boot ::                (v3.3.2)

2025-10-23T20:50:15.612+03:00  INFO 13304 --- [fishmarket] [           main] t.t.f.FishmarketApplicationTests         : Starting FishmarketApplicationTests using Java 24.0.1 with PID 13304 (started by volodymyr in /Users/volodymyr/Downloads/technical_task-main)
2025-10-23T20:50:15.613+03:00  INFO 13304 --- [fishmarket] [           main] t.t.f.FishmarketApplicationTests         : No active profile set, falling back to 1 default profile: "default"
2025-10-23T20:50:16.177+03:00  INFO 13304 --- [fishmarket] [           main] .s.d.r.c.RepositoryConfigurationDelegate : Bootstrapping Spring Data JPA repositories in DEFAULT mode.
2025-10-23T20:50:16.237+03:00  INFO 13304 --- [fishmarket] [           main] .s.d.r.c.RepositoryConfigurationDelegate : Finished Spring Data repository scanning in 53 ms. Found 3 JPA repository interfaces.
2025-10-23T20:50:16.625+03:00  INFO 13304 --- [fishmarket] [           main] o.hibernate.jpa.internal.util.LogHelper  : HHH000204: Processing PersistenceUnitInfo [name: default]
2025-10-23T20:50:16.667+03:00  INFO 13304 --- [fishmarket] [           main] org.hibernate.Version                    : HHH000412: Hibernate ORM core version 6.5.2.Final
2025-10-23T20:50:16.695+03:00  INFO 13304 --- [fishmarket] [           main] o.h.c.internal.RegionFactoryInitiator    : HHH000026: Second-level cache disabled
2025-10-23T20:50:16.949+03:00  INFO 13304 --- [fishmarket] [           main] o.s.o.j.p.SpringPersistenceUnitInfo      : No LoadTimeWeaver setup: ignoring JPA class transformer
2025-10-23T20:50:16.969+03:00  INFO 13304 --- [fishmarket] [           main] com.zaxxer.hikari.HikariDataSource       : HikariPool-1 - Starting...
2025-10-23T20:50:17.292+03:00  INFO 13304 --- [fishmarket] [           main] com.zaxxer.hikari.pool.HikariPool        : HikariPool-1 - Added connection com.mysql.cj.jdbc.ConnectionImpl@745926c3
2025-10-23T20:50:17.294+03:00  INFO 13304 --- [fishmarket] [           main] com.zaxxer.hikari.HikariDataSource       : HikariPool-1 - Start completed.
2025-10-23T20:50:17.888+03:00  INFO 13304 --- [fishmarket] [           main] o.h.m.i.EntityInstantiatorPojoStandard   : HHH000182: No default (no-argument) constructor for class: technikal.task.fishmarket.models.ProductImage (class must be instantiated by Interceptor)
2025-10-23T20:50:18.122+03:00  INFO 13304 --- [fishmarket] [           main] o.h.e.t.j.p.i.JtaPlatformInitiator       : HHH000489: No JTA platform available (set 'hibernate.transaction.jta.platform' to enable JTA platform integration)
2025-10-23T20:50:18.125+03:00  INFO 13304 --- [fishmarket] [           main] j.LocalContainerEntityManagerFactoryBean : Initialized JPA EntityManagerFactory for persistence unit 'default'
2025-10-23T20:50:18.484+03:00  WARN 13304 --- [fishmarket] [           main] JpaBaseConfiguration$JpaWebConfiguration : spring.jpa.open-in-view is enabled by default. Therefore, database queries may be performed during view rendering. Explicitly configure spring.jpa.open-in-view to disable this warning
2025-10-23T20:50:18.506+03:00  INFO 13304 --- [fishmarket] [           main] o.s.b.a.w.s.WelcomePageHandlerMapping    : Adding welcome page template: index
2025-10-23T20:50:18.832+03:00  INFO 13304 --- [fishmarket] [           main] t.t.f.FishmarketApplicationTests         : Started FishmarketApplicationTests in 3.446 seconds (process running for 4.208)
]]></system-out>
    <system-err><![CDATA[WARNING: A Java agent has been loaded dynamically (/Users/volodymyr/.m2/repository/net/bytebuddy/byte-buddy-agent/1.14.18/byte-buddy-agent-1.14.18.jar)
WARNING: If a serviceability tool is in use, please run with -XX:+EnableDynamicAgentLoading to hide this warning
WARNING: If a serviceability tool is not in use, please run with -Djdk.instrument.traceUsage for more information
WARNING: Dynamic loading of agents will be disallowed by default in a future release
]]></system-err>
  </testcase>
</testsuite>